


ARM Macro Assembler    Page 1 


    1 00000000         #line   1                "..\\ChibiOS_3.0.2\\os\\common\
\ports\\ARMCMx\\compilers\\RVCT\\cstartup.s"
    1 00000000         
    2 00000000         
    3 00000000         
    4 00000000         
    5 00000000         
    6 00000000         
    7 00000000         
    8 00000000         
    9 00000000         
   10 00000000         
   11 00000000         
   12 00000000         
   13 00000000         
   14 00000000         
   15 00000000         
   16 00000000         
   17 00000000         
   18 00000000         
   19 00000000         
   20 00000000         
   21 00000000         
   22 00000000         
   23 00000000         
   24 00000000         
   25 00000000         
   26 00000000         
   27 00000000         
   28 00000000         
   29 00000000         
   30 00000000         ; 
   31 00000000         
   32 00000000         ;
   33 00000000         ;
   34 00000000         ;
   35 00000000 00000400 
                       main_stack_size
                               EQU              0x00000400
   36 00000000         
   37 00000000         ;
   38 00000000         ;
   39 00000000         ;
   40 00000000 00000400 
                       proc_stack_size
                               EQU              0x00000400
   41 00000000         
   42 00000000         ;
   43 00000000         ;
   44 00000000         ;
   45 00000000 00000400 
                       heap_size
                               EQU              0x00000400
   46 00000000         
   47 00000000                 AREA             MSTACK, NOINIT, READWRITE, ALIG
N=3
   48 00000000         main_stack_mem
                               SPACE            main_stack_size
   49 00000400                 EXPORT           __initial_msp



ARM Macro Assembler    Page 2 


   50 00000400         __initial_msp
   51 00000400         
   52 00000400                 AREA             CSTACK, NOINIT, READWRITE, ALIG
N=3
   53 00000000         __main_thread_stack_base__
   54 00000000                 EXPORT           __main_thread_stack_base__
   55 00000000         proc_stack_mem
                               SPACE            proc_stack_size
   56 00000400                 EXPORT           __initial_sp
   57 00000400         __initial_sp
   58 00000400         
   59 00000400                 AREA             HEAP, NOINIT, READWRITE, ALIGN=
3
   60 00000000         __heap_base
   61 00000000         Heap_Mem
                               SPACE            heap_size
   62 00000400         __heap_limit
   63 00000400         
   64 00000400 00000000 
                       CONTROL_MODE_PRIVILEGED
                               EQU              0
   65 00000400 00000001 
                       CONTROL_MODE_UNPRIVILEGED
                               EQU              1
   66 00000400 00000000 
                       CONTROL_USE_MSP
                               EQU              0
   67 00000400 00000002 
                       CONTROL_USE_PSP
                               EQU              2
   68 00000400         
   69 00000400                 PRESERVE8
   70 00000400                 THUMB
   71 00000400         
   72 00000400                 AREA             |.text|, CODE, READONLY
   73 00000000         
   74 00000000         
   75 00000000         
   76 00000000         
   77 00000000                 IMPORT           __main
   78 00000000                 EXPORT           Reset_Handler
   79 00000000         Reset_Handler
                               PROC
   80 00000000 B672            cpsid            i
   81 00000002 4809            ldr              r0, =__initial_sp
   82 00000004 F380 8809       msr              PSP, r0
   83 00000008 2002            movs             r0, #CONTROL_MODE_PRIVILEGED :O
R: CONTROL_USE_PSP
   84 0000000A F380 8814       msr              CONTROL, r0
   85 0000000E F3BF 8F6F       isb
   86 00000012 F7FF FFFE       bl               __early_init
   87 00000016         
   88 00000016                 IF               {CPU} = "Cortex-M4.fp"
   89 00000016 4805            LDR              R0, =0xE000ED88 
                                                            ; Enable CP10,CP11
   90 00000018 6801            LDR              R1, [R0]
   91 0000001A F441 0170       ORR              R1, R1, #(0xF << 20)
   92 0000001E 6001            STR              R1, [R0]
   93 00000020                 ENDIF



ARM Macro Assembler    Page 3 


   94 00000020         
   95 00000020 4803            ldr              r0, =__main
   96 00000022 4700            bx               r0
   97 00000024                 ENDP
   98 00000024         
   99 00000024         __early_init
                               PROC
  100 00000024                 EXPORT           __early_init            [WEAK]
  101 00000024 4770            bx               lr
  102 00000026                 ENDP
  103 00000026         
  104 00000026 00 00           ALIGN
  105 00000028         
  106 00000028         
  107 00000028         
  108 00000028         
  109 00000028                 IF               :DEF:__MICROLIB
  110 00000028         
  111 00000028                 EXPORT           __initial_sp
  112 00000028                 EXPORT           __heap_base
  113 00000028                 EXPORT           __heap_limit
  114 00000028         
  115 00000028                 ELSE
  128                          ENDIF
  129 00000028         
  130 00000028                 END
              00000000 
              E000ED88 
              00000000 
Command Line: --debug --xref --cpreproc --diag_suppress=9931 --cpu=Cortex-M4.fp
 --fpmode=fast --apcs=interwork --depend=.\output\obj\cstartup.d -o.\output\obj
\cstartup.o -I.\..\ -I.\..\ChibiOS_3.0.2\os\rt\ports\ARMCMx -I.\..\ChibiOS_3.0.
2\os\common\ports\ARMCMx\devices\STM32F4xx -I.\RTE\_project -IC:\Users\zhang\Ap
pData\Local\Arm\Packs\ARM\CMSIS\5.8.0\CMSIS\Core\Include -IC:\Users\zhang\AppDa
ta\Local\Arm\Packs\Keil\STM32F4xx_DFP\2.17.1\Drivers\CMSIS\Device\ST\STM32F4xx\
Include --predefine="__MICROLIB SETA 1" --predefine="__UVISION_VERSION SETA 536
" --predefine="_RTE_ SETA 1" --predefine="STM32F407xx SETA 1" --predefine="_RTE
_ SETA 1" --list=.\output\lst\cstartup.lst ..\ChibiOS_3.0.2\os\common\ports\ARM
CMx\compilers\RVCT\cstartup.s



ARM Macro Assembler    Page 1 Alphabetic symbol ordering
Relocatable symbols

MSTACK 00000000

Symbol: MSTACK
   Definitions
      At line 47 in file ..\\ChibiOS_3.0.2\\os\\common\\ports\\ARMCMx\\compiler
s\\RVCT\\cstartup.s
   Uses
      None
Comment: MSTACK unused
__initial_msp 00000400

Symbol: __initial_msp
   Definitions
      At line 50 in file ..\\ChibiOS_3.0.2\\os\\common\\ports\\ARMCMx\\compiler
s\\RVCT\\cstartup.s
   Uses
      At line 49 in file ..\\ChibiOS_3.0.2\\os\\common\\ports\\ARMCMx\\compiler
s\\RVCT\\cstartup.s
Comment: __initial_msp used once
main_stack_mem 00000000

Symbol: main_stack_mem
   Definitions
      At line 48 in file ..\\ChibiOS_3.0.2\\os\\common\\ports\\ARMCMx\\compiler
s\\RVCT\\cstartup.s
   Uses
      None
Comment: main_stack_mem unused
3 symbols



ARM Macro Assembler    Page 1 Alphabetic symbol ordering
Relocatable symbols

CSTACK 00000000

Symbol: CSTACK
   Definitions
      At line 52 in file ..\\ChibiOS_3.0.2\\os\\common\\ports\\ARMCMx\\compiler
s\\RVCT\\cstartup.s
   Uses
      None
Comment: CSTACK unused
__initial_sp 00000400

Symbol: __initial_sp
   Definitions
      At line 57 in file ..\\ChibiOS_3.0.2\\os\\common\\ports\\ARMCMx\\compiler
s\\RVCT\\cstartup.s
   Uses
      At line 56 in file ..\\ChibiOS_3.0.2\\os\\common\\ports\\ARMCMx\\compiler
s\\RVCT\\cstartup.s
      At line 81 in file ..\\ChibiOS_3.0.2\\os\\common\\ports\\ARMCMx\\compiler
s\\RVCT\\cstartup.s
      At line 111 in file ..\\ChibiOS_3.0.2\\os\\common\\ports\\ARMCMx\\compile
rs\\RVCT\\cstartup.s

__main_thread_stack_base__ 00000000

Symbol: __main_thread_stack_base__
   Definitions
      At line 53 in file ..\\ChibiOS_3.0.2\\os\\common\\ports\\ARMCMx\\compiler
s\\RVCT\\cstartup.s
   Uses
      At line 54 in file ..\\ChibiOS_3.0.2\\os\\common\\ports\\ARMCMx\\compiler
s\\RVCT\\cstartup.s
Comment: __main_thread_stack_base__ used once
proc_stack_mem 00000000

Symbol: proc_stack_mem
   Definitions
      At line 55 in file ..\\ChibiOS_3.0.2\\os\\common\\ports\\ARMCMx\\compiler
s\\RVCT\\cstartup.s
   Uses
      None
Comment: proc_stack_mem unused
4 symbols



ARM Macro Assembler    Page 1 Alphabetic symbol ordering
Relocatable symbols

HEAP 00000000

Symbol: HEAP
   Definitions
      At line 59 in file ..\\ChibiOS_3.0.2\\os\\common\\ports\\ARMCMx\\compiler
s\\RVCT\\cstartup.s
   Uses
      None
Comment: HEAP unused
Heap_Mem 00000000

Symbol: Heap_Mem
   Definitions
      At line 61 in file ..\\ChibiOS_3.0.2\\os\\common\\ports\\ARMCMx\\compiler
s\\RVCT\\cstartup.s
   Uses
      None
Comment: Heap_Mem unused
__heap_base 00000000

Symbol: __heap_base
   Definitions
      At line 60 in file ..\\ChibiOS_3.0.2\\os\\common\\ports\\ARMCMx\\compiler
s\\RVCT\\cstartup.s
   Uses
      At line 112 in file ..\\ChibiOS_3.0.2\\os\\common\\ports\\ARMCMx\\compile
rs\\RVCT\\cstartup.s
Comment: __heap_base used once
__heap_limit 00000400

Symbol: __heap_limit
   Definitions
      At line 62 in file ..\\ChibiOS_3.0.2\\os\\common\\ports\\ARMCMx\\compiler
s\\RVCT\\cstartup.s
   Uses
      At line 113 in file ..\\ChibiOS_3.0.2\\os\\common\\ports\\ARMCMx\\compile
rs\\RVCT\\cstartup.s
Comment: __heap_limit used once
4 symbols



ARM Macro Assembler    Page 1 Alphabetic symbol ordering
Relocatable symbols

.text 00000000

Symbol: .text
   Definitions
      At line 72 in file ..\\ChibiOS_3.0.2\\os\\common\\ports\\ARMCMx\\compiler
s\\RVCT\\cstartup.s
   Uses
      None
Comment: .text unused
Reset_Handler 00000000

Symbol: Reset_Handler
   Definitions
      At line 79 in file ..\\ChibiOS_3.0.2\\os\\common\\ports\\ARMCMx\\compiler
s\\RVCT\\cstartup.s
   Uses
      At line 78 in file ..\\ChibiOS_3.0.2\\os\\common\\ports\\ARMCMx\\compiler
s\\RVCT\\cstartup.s
Comment: Reset_Handler used once
__early_init 00000024

Symbol: __early_init
   Definitions
      At line 99 in file ..\\ChibiOS_3.0.2\\os\\common\\ports\\ARMCMx\\compiler
s\\RVCT\\cstartup.s
   Uses
      At line 86 in file ..\\ChibiOS_3.0.2\\os\\common\\ports\\ARMCMx\\compiler
s\\RVCT\\cstartup.s
      At line 100 in file ..\\ChibiOS_3.0.2\\os\\common\\ports\\ARMCMx\\compile
rs\\RVCT\\cstartup.s

3 symbols



ARM Macro Assembler    Page 1 Alphabetic symbol ordering
Absolute symbols

CONTROL_MODE_PRIVILEGED 00000000

Symbol: CONTROL_MODE_PRIVILEGED
   Definitions
      At line 64 in file ..\\ChibiOS_3.0.2\\os\\common\\ports\\ARMCMx\\compiler
s\\RVCT\\cstartup.s
   Uses
      At line 83 in file ..\\ChibiOS_3.0.2\\os\\common\\ports\\ARMCMx\\compiler
s\\RVCT\\cstartup.s
Comment: CONTROL_MODE_PRIVILEGED used once
CONTROL_MODE_UNPRIVILEGED 00000001

Symbol: CONTROL_MODE_UNPRIVILEGED
   Definitions
      At line 65 in file ..\\ChibiOS_3.0.2\\os\\common\\ports\\ARMCMx\\compiler
s\\RVCT\\cstartup.s
   Uses
      None
Comment: CONTROL_MODE_UNPRIVILEGED unused
CONTROL_USE_MSP 00000000

Symbol: CONTROL_USE_MSP
   Definitions
      At line 66 in file ..\\ChibiOS_3.0.2\\os\\common\\ports\\ARMCMx\\compiler
s\\RVCT\\cstartup.s
   Uses
      None
Comment: CONTROL_USE_MSP unused
CONTROL_USE_PSP 00000002

Symbol: CONTROL_USE_PSP
   Definitions
      At line 67 in file ..\\ChibiOS_3.0.2\\os\\common\\ports\\ARMCMx\\compiler
s\\RVCT\\cstartup.s
   Uses
      At line 83 in file ..\\ChibiOS_3.0.2\\os\\common\\ports\\ARMCMx\\compiler
s\\RVCT\\cstartup.s
Comment: CONTROL_USE_PSP used once
heap_size 00000400

Symbol: heap_size
   Definitions
      At line 45 in file ..\\ChibiOS_3.0.2\\os\\common\\ports\\ARMCMx\\compiler
s\\RVCT\\cstartup.s
   Uses
      At line 61 in file ..\\ChibiOS_3.0.2\\os\\common\\ports\\ARMCMx\\compiler
s\\RVCT\\cstartup.s
Comment: heap_size used once
main_stack_size 00000400

Symbol: main_stack_size
   Definitions
      At line 35 in file ..\\ChibiOS_3.0.2\\os\\common\\ports\\ARMCMx\\compiler
s\\RVCT\\cstartup.s
   Uses
      At line 48 in file ..\\ChibiOS_3.0.2\\os\\common\\ports\\ARMCMx\\compiler
s\\RVCT\\cstartup.s
Comment: main_stack_size used once
proc_stack_size 00000400



ARM Macro Assembler    Page 2 Alphabetic symbol ordering
Absolute symbols


Symbol: proc_stack_size
   Definitions
      At line 40 in file ..\\ChibiOS_3.0.2\\os\\common\\ports\\ARMCMx\\compiler
s\\RVCT\\cstartup.s
   Uses
      At line 55 in file ..\\ChibiOS_3.0.2\\os\\common\\ports\\ARMCMx\\compiler
s\\RVCT\\cstartup.s
Comment: proc_stack_size used once
7 symbols



ARM Macro Assembler    Page 1 Alphabetic symbol ordering
External symbols

__main 00000000

Symbol: __main
   Definitions
      At line 77 in file ..\\ChibiOS_3.0.2\\os\\common\\ports\\ARMCMx\\compiler
s\\RVCT\\cstartup.s
   Uses
      At line 95 in file ..\\ChibiOS_3.0.2\\os\\common\\ports\\ARMCMx\\compiler
s\\RVCT\\cstartup.s
Comment: __main used once
1 symbol
359 symbols in table
